{"timestamp":"2025-10-29 19:48:05","level":"info","message":"Logger initialized"}
{"timestamp":"2025-10-29 19:48:05","level":"error","message":"GET /api/notifications - 500","userId":"cmhbzn6lg0000bcimm51f8ygw","method":"GET","uri":"/api/notifications","status":500,"elapsedMs":157,"responseBody":{"error":"Failed to fetch notifications"}}
{"timestamp":"2025-10-29 19:48:05","level":"error","message":"GET /api/notifications - 500","userId":"cmhbzn6lg0000bcimm51f8ygw","method":"GET","uri":"/api/notifications","status":500,"elapsedMs":67,"responseBody":{"error":"Failed to fetch notifications"}}
{"timestamp":"2025-10-29 19:48:34","level":"error","message":"GET /api/notifications - 500","userId":"cmhbzn6lg0000bcimm51f8ygw","method":"GET","uri":"/api/notifications","status":500,"elapsedMs":158,"responseBody":{"error":"Failed to fetch notifications"}}
{"timestamp":"2025-10-29 19:48:35","level":"error","message":"GET /api/notifications - 500","userId":"cmhbzn6lg0000bcimm51f8ygw","method":"GET","uri":"/api/notifications","status":500,"elapsedMs":76,"responseBody":{"error":"Failed to fetch notifications"}}
{"timestamp":"2025-10-29 19:49:04","level":"info","message":"Logger initialized"}
{"timestamp":"2025-10-29 19:49:05","level":"error","message":"GET /api/notifications - 500","userId":"cmhbzn6lg0000bcimm51f8ygw","method":"GET","uri":"/api/notifications","status":500,"elapsedMs":307,"responseBody":{"error":"Failed to fetch notifications"}}
{"timestamp":"2025-10-29 19:49:05","level":"error","message":"GET /api/notifications - 500","userId":"cmhbzn6lg0000bcimm51f8ygw","method":"GET","uri":"/api/notifications","status":500,"elapsedMs":390,"responseBody":{"error":"Failed to fetch notifications"}}
{"timestamp":"2025-10-29 19:49:34","level":"error","message":"GET /api/notifications - 500","userId":"cmhbzn6lg0000bcimm51f8ygw","method":"GET","uri":"/api/notifications","status":500,"elapsedMs":210,"responseBody":{"error":"Failed to fetch notifications"}}
{"timestamp":"2025-10-29 19:49:34","level":"error","message":"GET /api/notifications - 500","userId":"cmhbzn6lg0000bcimm51f8ygw","method":"GET","uri":"/api/notifications","status":500,"elapsedMs":123,"responseBody":{"error":"Failed to fetch notifications"}}
{"timestamp":"2025-10-29 19:50:03","level":"info","message":"Logger initialized"}
{"timestamp":"2025-10-29 19:50:03","level":"info","message":"GET /api/notifications - 200","userId":"cmhbzn6lg0000bcimm51f8ygw","method":"GET","uri":"/api/notifications","status":200,"elapsedMs":57}
{"timestamp":"2025-10-29 19:50:04","level":"info","message":"GET /api/notifications - 200","userId":"cmhbzn6lg0000bcimm51f8ygw","method":"GET","uri":"/api/notifications","status":200,"elapsedMs":17}
{"timestamp":"2025-10-29 19:50:33","level":"info","message":"Logger initialized"}
{"timestamp":"2025-10-29 19:50:34","level":"info","message":"GET /api/notifications - 200","userId":"cmhbzn6lg0000bcimm51f8ygw","method":"GET","uri":"/api/notifications","status":200,"elapsedMs":90}
{"timestamp":"2025-10-29 19:50:34","level":"info","message":"GET /api/notifications - 200","userId":"cmhbzn6lg0000bcimm51f8ygw","method":"GET","uri":"/api/notifications","status":200,"elapsedMs":20}
{"timestamp":"2025-10-29 19:51:03","level":"info","message":"GET /api/notifications - 200","userId":"cmhbzn6lg0000bcimm51f8ygw","method":"GET","uri":"/api/notifications","status":200,"elapsedMs":30}
{"timestamp":"2025-10-29 19:51:04","level":"info","message":"GET /api/notifications - 200","userId":"cmhbzn6lg0000bcimm51f8ygw","method":"GET","uri":"/api/notifications","status":200,"elapsedMs":17}
{"timestamp":"2025-10-29 19:51:34","level":"info","message":"GET /api/notifications - 200","userId":"cmhbzn6lg0000bcimm51f8ygw","method":"GET","uri":"/api/notifications","status":200,"elapsedMs":91}
{"timestamp":"2025-10-29 19:51:34","level":"info","message":"GET /api/notifications - 200","userId":"cmhbzn6lg0000bcimm51f8ygw","method":"GET","uri":"/api/notifications","status":200,"elapsedMs":18}
{"timestamp":"2025-10-29 19:52:21","level":"info","message":"Logger initialized"}
{"timestamp":"2025-10-29 19:52:21","level":"info","message":"GET /api/notifications - 200","userId":"cmhbzn6lg0000bcimm51f8ygw","method":"GET","uri":"/api/notifications","status":200,"elapsedMs":29}
{"timestamp":"2025-10-29 19:52:21","level":"info","message":"GET /api/notifications - 200","userId":"cmhbzn6lg0000bcimm51f8ygw","method":"GET","uri":"/api/notifications","status":200,"elapsedMs":13}
{"timestamp":"2025-10-29 19:52:50","level":"info","message":"GET /api/notifications - 200","userId":"cmhbzn6lg0000bcimm51f8ygw","method":"GET","uri":"/api/notifications","status":200,"elapsedMs":42}
{"timestamp":"2025-10-29 19:52:50","level":"info","message":"GET /api/notifications - 200","userId":"cmhbzn6lg0000bcimm51f8ygw","method":"GET","uri":"/api/notifications","status":200,"elapsedMs":17}
{"timestamp":"2025-10-29 19:52:57","level":"info","message":"Logger initialized"}
{"timestamp":"2025-10-29 19:52:57","level":"info","message":"GET /api/notifications - 200","userId":"cmhbzn6lg0000bcimm51f8ygw","method":"GET","uri":"/api/notifications","status":200,"elapsedMs":24}
{"timestamp":"2025-10-29 19:53:03","level":"info","message":"Logger initialized"}
{"timestamp":"2025-10-29 19:53:04","level":"info","message":"GET /api/notifications - 200","userId":"cmhbzn6lg0000bcimm51f8ygw","method":"GET","uri":"/api/notifications","status":200,"elapsedMs":30}
{"timestamp":"2025-10-29 19:53:04","level":"info","message":"GET /api/notifications - 200","userId":"cmhbzn6lg0000bcimm51f8ygw","method":"GET","uri":"/api/notifications","status":200,"elapsedMs":25}
{"timestamp":"2025-10-29 19:53:20","level":"info","message":"GET /api/notifications - 200","userId":"cmhbzn6lg0000bcimm51f8ygw","method":"GET","uri":"/api/notifications","status":200,"elapsedMs":23}
{"timestamp":"2025-10-29 19:53:50","level":"info","message":"GET /api/notifications - 200","userId":"cmhbzn6lg0000bcimm51f8ygw","method":"GET","uri":"/api/notifications","status":200,"elapsedMs":49}
{"timestamp":"2025-10-29 19:53:55","level":"info","message":"Logger initialized"}
{"timestamp":"2025-10-29 19:53:56","level":"info","message":"GET /api/notifications - 200","userId":"cmhbzn6lg0000bcimm51f8ygw","method":"GET","uri":"/api/notifications","status":200,"elapsedMs":865}
{"timestamp":"2025-10-29 19:53:56","level":"info","message":"GET /api/notifications - 200","userId":"cmhbzn6lg0000bcimm51f8ygw","method":"GET","uri":"/api/notifications","status":200,"elapsedMs":17}
{"timestamp":"2025-10-29 19:54:01","level":"info","message":"GET /api/notifications - 200","userId":"cmhbzn6lg0000bcimm51f8ygw","method":"GET","uri":"/api/notifications","status":200,"elapsedMs":224}
{"timestamp":"2025-10-29 19:54:01","level":"info","message":"GET /api/notifications - 200","userId":"cmhbzn6lg0000bcimm51f8ygw","method":"GET","uri":"/api/notifications","status":200,"elapsedMs":26}
{"timestamp":"2025-10-29 19:54:01","level":"info","message":"GET /api/notifications - 200","userId":"cmhbzn6lg0000bcimm51f8ygw","method":"GET","uri":"/api/notifications","status":200,"elapsedMs":12}
{"timestamp":"2025-10-29 19:54:30","level":"info","message":"Logger initialized"}
{"timestamp":"2025-10-29 19:54:30","level":"info","message":"GET /api/notifications - 200","userId":"cmhbzn6lg0000bcimm51f8ygw","method":"GET","uri":"/api/notifications","status":200,"elapsedMs":42}
{"timestamp":"2025-10-29 19:54:31","level":"info","message":"GET /api/notifications - 200","userId":"cmhbzn6lg0000bcimm51f8ygw","method":"GET","uri":"/api/notifications","status":200,"elapsedMs":15}
{"timestamp":"2025-10-29 19:55:00","level":"info","message":"Logger initialized"}
{"timestamp":"2025-10-29 19:55:00","level":"info","message":"GET /api/notifications - 200","userId":"cmhbzn6lg0000bcimm51f8ygw","method":"GET","uri":"/api/notifications","status":200,"elapsedMs":158}
{"timestamp":"2025-10-29 19:55:01","level":"info","message":"GET /api/notifications - 200","userId":"cmhbzn6lg0000bcimm51f8ygw","method":"GET","uri":"/api/notifications","status":200,"elapsedMs":13}
{"timestamp":"2025-10-29 19:55:30","level":"info","message":"Logger initialized"}
{"timestamp":"2025-10-29 19:55:30","level":"info","message":"GET /api/notifications - 200","userId":"cmhbzn6lg0000bcimm51f8ygw","method":"GET","uri":"/api/notifications","status":200,"elapsedMs":61}
{"timestamp":"2025-10-29 19:55:31","level":"info","message":"GET /api/notifications - 200","userId":"cmhbzn6lg0000bcimm51f8ygw","method":"GET","uri":"/api/notifications","status":200,"elapsedMs":16}
{"timestamp":"2025-10-29 19:56:06","level":"info","message":"Logger initialized"}
{"timestamp":"2025-10-29 19:56:06","level":"info","message":"GET /api/notifications - 200","userId":"cmhbzn6lg0000bcimm51f8ygw","method":"GET","uri":"/api/notifications","status":200,"elapsedMs":37}
{"timestamp":"2025-10-29 19:56:07","level":"info","message":"Logger initialized"}
{"timestamp":"2025-10-29 19:56:08","level":"info","message":"GET /api/notifications - 200","userId":"cmhbzn6lg0000bcimm51f8ygw","method":"GET","uri":"/api/notifications","status":200,"elapsedMs":221}
{"timestamp":"2025-10-29 19:56:08","level":"info","message":"GET /api/profile - 200","userId":"cmhbzn6lg0000bcimm51f8ygw","method":"GET","uri":"/api/profile","status":200,"elapsedMs":18}
{"timestamp":"2025-10-29 19:56:08","level":"info","message":"GET /api/notifications - 200","userId":"cmhbzn6lg0000bcimm51f8ygw","method":"GET","uri":"/api/notifications","status":200,"elapsedMs":27}
{"timestamp":"2025-10-29 19:56:13","level":"info","message":"PUT /api/profile - 200","userId":"cmhbzn6lg0000bcimm51f8ygw","method":"PUT","uri":"/api/profile","status":200,"elapsedMs":32}
{"timestamp":"2025-10-29 19:56:13","level":"info","message":"GET /api/notifications - 200","userId":"cmhbzn6lg0000bcimm51f8ygw","method":"GET","uri":"/api/notifications","status":200,"elapsedMs":29}
{"timestamp":"2025-10-29 19:56:13","level":"info","message":"GET /api/profile - 200","userId":"cmhbzn6lg0000bcimm51f8ygw","method":"GET","uri":"/api/profile","status":200,"elapsedMs":29}
{"timestamp":"2025-10-29 19:56:13","level":"info","message":"GET /api/notifications - 200","userId":"cmhbzn6lg0000bcimm51f8ygw","method":"GET","uri":"/api/notifications","status":200,"elapsedMs":21}
{"timestamp":"2025-10-29 19:56:14","level":"info","message":"GET /api/notifications - 200","userId":"cmhbzn6lg0000bcimm51f8ygw","method":"GET","uri":"/api/notifications","status":200,"elapsedMs":15}
{"timestamp":"2025-10-29 19:56:19","level":"info","message":"GET /api/notifications - 200","userId":"cmhbzn6lg0000bcimm51f8ygw","method":"GET","uri":"/api/notifications","status":200,"elapsedMs":29}
{"timestamp":"2025-10-29 19:56:21","level":"info","message":"GET /api/profile - 200","userId":"cmhbzn6lg0000bcimm51f8ygw","method":"GET","uri":"/api/profile","status":200,"elapsedMs":19}
{"timestamp":"2025-10-29 19:56:21","level":"info","message":"GET /api/notifications - 200","userId":"cmhbzn6lg0000bcimm51f8ygw","method":"GET","uri":"/api/notifications","status":200,"elapsedMs":25}
{"timestamp":"2025-10-29 19:56:21","level":"info","message":"GET /api/notifications - 200","userId":"cmhbzn6lg0000bcimm51f8ygw","method":"GET","uri":"/api/notifications","status":200,"elapsedMs":14}
{"timestamp":"2025-10-29 19:56:21","level":"info","message":"GET /api/notifications - 200","userId":"cmhbzn6lg0000bcimm51f8ygw","method":"GET","uri":"/api/notifications","status":200,"elapsedMs":16}
{"timestamp":"2025-10-29 19:56:22","level":"info","message":"GET /api/notifications - 200","userId":"cmhbzn6lg0000bcimm51f8ygw","method":"GET","uri":"/api/notifications","status":200,"elapsedMs":30}
{"timestamp":"2025-10-29 19:56:24","level":"info","message":"GET /api/profile - 200","userId":"cmhbzn6lg0000bcimm51f8ygw","method":"GET","uri":"/api/profile","status":200,"elapsedMs":58}
{"timestamp":"2025-10-29 19:56:24","level":"info","message":"GET /api/notifications - 200","userId":"cmhbzn6lg0000bcimm51f8ygw","method":"GET","uri":"/api/notifications","status":200,"elapsedMs":59}
{"timestamp":"2025-10-29 19:56:24","level":"info","message":"GET /api/notifications - 200","userId":"cmhbzn6lg0000bcimm51f8ygw","method":"GET","uri":"/api/notifications","status":200,"elapsedMs":18}
{"timestamp":"2025-10-29 19:56:24","level":"info","message":"GET /api/notifications - 200","userId":"cmhbzn6lg0000bcimm51f8ygw","method":"GET","uri":"/api/notifications","status":200,"elapsedMs":11}
{"timestamp":"2025-10-29 20:00:42","level":"info","message":"Logger initialized"}
{"timestamp":"2025-10-29 20:00:42","level":"info","message":"GET /api/notifications - 200","userId":"cmhbzn6lg0000bcimm51f8ygw","method":"GET","uri":"/api/notifications","status":200,"elapsedMs":25}
{"timestamp":"2025-10-29 20:00:42","level":"info","message":"GET /api/notifications - 200","userId":"cmhbzn6lg0000bcimm51f8ygw","method":"GET","uri":"/api/notifications","status":200,"elapsedMs":24}
{"timestamp":"2025-10-29 20:01:25","level":"info","message":"Logger initialized"}
{"timestamp":"2025-10-29 20:01:25","level":"info","message":"GET /api/notifications - 200","userId":"cmhbzn6lg0000bcimm51f8ygw","method":"GET","uri":"/api/notifications","status":200,"elapsedMs":55}
{"timestamp":"2025-10-29 20:01:25","level":"info","message":"GET /api/notifications - 200","userId":"cmhbzn6lg0000bcimm51f8ygw","method":"GET","uri":"/api/notifications","status":200,"elapsedMs":58}
{"timestamp":"2025-10-29 20:08:11","level":"info","message":"Logger initialized"}
{"timestamp":"2025-10-29 20:08:11","level":"warn","message":"GET /api/notifications - 401","method":"GET","uri":"/api/notifications","status":401,"elapsedMs":9,"responseBody":{"error":"Unauthorized"}}
{"timestamp":"2025-10-29 20:09:36","level":"info","message":"Logger initialized"}
{"timestamp":"2025-10-29 20:09:36","level":"warn","message":"GET /api/notifications - 401","method":"GET","uri":"/api/notifications","status":401,"elapsedMs":5,"responseBody":{"error":"Unauthorized"}}
{"timestamp":"2025-10-29 20:09:36","level":"warn","message":"GET /api/notifications - 401","method":"GET","uri":"/api/notifications","status":401,"elapsedMs":3,"responseBody":{"error":"Unauthorized"}}
{"timestamp":"2025-10-29 20:09:37","level":"warn","message":"GET /api/notifications - 401","method":"GET","uri":"/api/notifications","status":401,"elapsedMs":9,"responseBody":{"error":"Unauthorized"}}
{"timestamp":"2025-10-29 20:09:37","level":"warn","message":"GET /api/notifications - 401","method":"GET","uri":"/api/notifications","status":401,"elapsedMs":12,"responseBody":{"error":"Unauthorized"}}
{"timestamp":"2025-10-29 20:09:38","level":"info","message":"Logger initialized"}
{"timestamp":"2025-10-29 20:09:38","level":"warn","message":"GET /api/notifications - 401","method":"GET","uri":"/api/notifications","status":401,"elapsedMs":7,"responseBody":{"error":"Unauthorized"}}
{"timestamp":"2025-10-29 20:09:40","level":"info","message":"Logger initialized"}
{"timestamp":"2025-10-29 20:09:40","level":"warn","message":"GET /api/notifications - 401","method":"GET","uri":"/api/notifications","status":401,"elapsedMs":12,"responseBody":{"error":"Unauthorized"}}
{"timestamp":"2025-10-29 20:09:53","level":"info","message":"Logger initialized"}
{"timestamp":"2025-10-29 20:09:53","level":"warn","message":"GET /api/notifications - 401","method":"GET","uri":"/api/notifications","status":401,"elapsedMs":9,"responseBody":{"error":"Unauthorized"}}
{"timestamp":"2025-10-29 20:10:23","level":"warn","message":"GET /api/notifications - 401","method":"GET","uri":"/api/notifications","status":401,"elapsedMs":16,"responseBody":{"error":"Unauthorized"}}
{"timestamp":"2025-10-29 20:10:54","level":"info","message":"Logger initialized"}
{"timestamp":"2025-10-29 20:10:54","level":"warn","message":"GET /api/notifications - 401","method":"GET","uri":"/api/notifications","status":401,"elapsedMs":73,"responseBody":{"error":"Unauthorized"}}
{"timestamp":"2025-10-29 20:11:01","level":"info","message":"Logger initialized"}
{"timestamp":"2025-10-29 20:11:01","level":"warn","message":"GET /api/notifications - 401","method":"GET","uri":"/api/notifications","status":401,"elapsedMs":15,"responseBody":{"error":"Unauthorized"}}
{"timestamp":"2025-10-29 20:11:03","level":"info","message":"Logger initialized"}
{"timestamp":"2025-10-29 20:11:03","level":"warn","message":"GET /api/notifications - 401","method":"GET","uri":"/api/notifications","status":401,"elapsedMs":42,"responseBody":{"error":"Unauthorized"}}
{"timestamp":"2025-10-29 20:11:10","level":"info","message":"Logger initialized"}
{"timestamp":"2025-10-29 20:11:10","level":"warn","message":"GET /api/notifications - 401","method":"GET","uri":"/api/notifications","status":401,"elapsedMs":12,"responseBody":{"error":"Unauthorized"}}
{"timestamp":"2025-10-29 20:11:22","level":"info","message":"Logger initialized"}
{"timestamp":"2025-10-29 20:11:22","level":"warn","message":"GET /api/notifications - 401","method":"GET","uri":"/api/notifications","status":401,"elapsedMs":16,"responseBody":{"error":"Unauthorized"}}
{"timestamp":"2025-10-29 20:11:22","level":"warn","message":"GET /api/notifications - 401","method":"GET","uri":"/api/notifications","status":401,"elapsedMs":6,"responseBody":{"error":"Unauthorized"}}
{"timestamp":"2025-10-29 20:11:39","level":"info","message":"Logger initialized"}
{"timestamp":"2025-10-29 20:11:39","level":"warn","message":"GET /api/notifications - 401","method":"GET","uri":"/api/notifications","status":401,"elapsedMs":16,"responseBody":{"error":"Unauthorized"}}
{"timestamp":"2025-10-29 20:12:08","level":"info","message":"Logger initialized"}
{"timestamp":"2025-10-29 20:12:08","level":"warn","message":"GET /api/notifications - 401","method":"GET","uri":"/api/notifications","status":401,"elapsedMs":18,"responseBody":{"error":"Unauthorized"}}
{"timestamp":"2025-10-29 20:12:12","level":"info","message":"Logger initialized"}
{"timestamp":"2025-10-29 20:12:12","level":"warn","message":"GET /api/notifications - 401","method":"GET","uri":"/api/notifications","status":401,"elapsedMs":5,"responseBody":{"error":"Unauthorized"}}
{"timestamp":"2025-10-29 20:12:19","level":"info","message":"Logger initialized"}
{"timestamp":"2025-10-29 20:12:19","level":"warn","message":"GET /api/notifications - 401","method":"GET","uri":"/api/notifications","status":401,"elapsedMs":19,"responseBody":{"error":"Unauthorized"}}
{"timestamp":"2025-10-29 20:12:48","level":"info","message":"Logger initialized"}
{"timestamp":"2025-10-29 20:12:48","level":"warn","message":"GET /api/notifications - 401","method":"GET","uri":"/api/notifications","status":401,"elapsedMs":70,"responseBody":{"error":"Unauthorized"}}
{"timestamp":"2025-10-29 20:14:47","level":"info","message":"Logger initialized"}
{"timestamp":"2025-10-29 20:14:47","level":"warn","message":"GET /api/notifications - 401","method":"GET","uri":"/api/notifications","status":401,"elapsedMs":9,"responseBody":{"error":"Unauthorized"}}
{"timestamp":"2025-10-29 20:16:31","level":"warn","message":"GET /api/notifications - 401","method":"GET","uri":"/api/notifications","status":401,"elapsedMs":4,"responseBody":{"error":"Unauthorized"}}
{"timestamp":"2025-10-29 20:17:01","level":"warn","message":"GET /api/notifications - 401","method":"GET","uri":"/api/notifications","status":401,"elapsedMs":3,"responseBody":{"error":"Unauthorized"}}
{"timestamp":"2025-10-29 20:17:53","level":"warn","message":"GET /api/notifications - 401","method":"GET","uri":"/api/notifications","status":401,"elapsedMs":7,"responseBody":{"error":"Unauthorized"}}
{"timestamp":"2025-10-29 20:18:41","level":"warn","message":"GET /api/notifications - 401","method":"GET","uri":"/api/notifications","status":401,"elapsedMs":5,"responseBody":{"error":"Unauthorized"}}
{"timestamp":"2025-10-29 20:19:11","level":"warn","message":"GET /api/notifications - 401","method":"GET","uri":"/api/notifications","status":401,"elapsedMs":14,"responseBody":{"error":"Unauthorized"}}
{"timestamp":"2025-10-29 20:20:02","level":"warn","message":"GET /api/notifications - 401","method":"GET","uri":"/api/notifications","status":401,"elapsedMs":5,"responseBody":{"error":"Unauthorized"}}
{"timestamp":"2025-10-29 20:21:18","level":"warn","message":"GET /api/notifications - 401","method":"GET","uri":"/api/notifications","status":401,"elapsedMs":4,"responseBody":{"error":"Unauthorized"}}
{"timestamp":"2025-10-29 20:21:48","level":"warn","message":"GET /api/notifications - 401","method":"GET","uri":"/api/notifications","status":401,"elapsedMs":5,"responseBody":{"error":"Unauthorized"}}
{"timestamp":"2025-10-29 20:23:43","level":"warn","message":"GET /api/notifications - 401","method":"GET","uri":"/api/notifications","status":401,"elapsedMs":5,"responseBody":{"error":"Unauthorized"}}
{"timestamp":"2025-10-29 21:25:57","level":"warn","message":"GET /api/notifications - 401","method":"GET","uri":"/api/notifications","status":401,"elapsedMs":5,"responseBody":{"error":"Unauthorized"}}
{"timestamp":"2025-10-29 21:26:27","level":"warn","message":"GET /api/notifications - 401","method":"GET","uri":"/api/notifications","status":401,"elapsedMs":5,"responseBody":{"error":"Unauthorized"}}
{"timestamp":"2025-10-29 22:14:19","level":"warn","message":"GET /api/notifications - 401","method":"GET","uri":"/api/notifications","status":401,"elapsedMs":5,"responseBody":{"error":"Unauthorized"}}
{"timestamp":"2025-10-29 22:47:13","level":"warn","message":"GET /api/notifications - 401","method":"GET","uri":"/api/notifications","status":401,"elapsedMs":7,"responseBody":{"error":"Unauthorized"}}
{"timestamp":"2025-10-29 22:47:44","level":"warn","message":"GET /api/notifications - 401","method":"GET","uri":"/api/notifications","status":401,"elapsedMs":4,"responseBody":{"error":"Unauthorized"}}
{"timestamp":"2025-10-29 22:58:00","level":"warn","message":"GET /api/notifications - 401","method":"GET","uri":"/api/notifications","status":401,"elapsedMs":4,"responseBody":{"error":"Unauthorized"}}
{"timestamp":"2025-10-29 23:01:47","level":"warn","message":"GET /api/notifications - 401","method":"GET","uri":"/api/notifications","status":401,"elapsedMs":27,"responseBody":{"error":"Unauthorized"}}
{"timestamp":"2025-10-29 23:02:15","level":"warn","message":"GET /api/notifications - 401","method":"GET","uri":"/api/notifications","status":401,"elapsedMs":28,"responseBody":{"error":"Unauthorized"}}
{"timestamp":"2025-10-29 23:02:45","level":"warn","message":"GET /api/notifications - 401","method":"GET","uri":"/api/notifications","status":401,"elapsedMs":8,"responseBody":{"error":"Unauthorized"}}
{"timestamp":"2025-10-29 23:03:15","level":"warn","message":"GET /api/notifications - 401","method":"GET","uri":"/api/notifications","status":401,"elapsedMs":5,"responseBody":{"error":"Unauthorized"}}
{"timestamp":"2025-10-29 23:03:45","level":"warn","message":"GET /api/notifications - 401","method":"GET","uri":"/api/notifications","status":401,"elapsedMs":13,"responseBody":{"error":"Unauthorized"}}
{"timestamp":"2025-10-29 23:04:15","level":"warn","message":"GET /api/notifications - 401","method":"GET","uri":"/api/notifications","status":401,"elapsedMs":5,"responseBody":{"error":"Unauthorized"}}
{"timestamp":"2025-10-29 23:04:34","level":"info","message":"Logger initialized"}
{"timestamp":"2025-10-29 23:04:34","level":"warn","message":"GET /api/notifications - 401","method":"GET","uri":"/api/notifications","status":401,"elapsedMs":5,"responseBody":{"error":"Unauthorized"}}
{"timestamp":"2025-10-29 23:04:34","level":"warn","message":"GET /api/notifications - 401","method":"GET","uri":"/api/notifications","status":401,"elapsedMs":5,"responseBody":{"error":"Unauthorized"}}
{"timestamp":"2025-10-29 23:05:04","level":"warn","message":"GET /api/notifications - 401","method":"GET","uri":"/api/notifications","status":401,"elapsedMs":7,"responseBody":{"error":"Unauthorized"}}
{"timestamp":"2025-10-29 23:05:33","level":"info","message":"Logger initialized"}
{"timestamp":"2025-10-29 23:05:33","level":"warn","message":"GET /api/notifications - 401","method":"GET","uri":"/api/notifications","status":401,"elapsedMs":4,"responseBody":{"error":"Unauthorized"}}
{"timestamp":"2025-10-29 23:06:03","level":"warn","message":"GET /api/notifications - 401","method":"GET","uri":"/api/notifications","status":401,"elapsedMs":16,"responseBody":{"error":"Unauthorized"}}
{"timestamp":"2025-10-29 23:06:18","level":"info","message":"Logger initialized"}
{"timestamp":"2025-10-29 23:06:18","level":"warn","message":"GET /api/notifications - 401","method":"GET","uri":"/api/notifications","status":401,"elapsedMs":11,"responseBody":{"error":"Unauthorized"}}
{"timestamp":"2025-10-29 23:06:47","level":"info","message":"Logger initialized"}
{"timestamp":"2025-10-29 23:06:47","level":"warn","message":"GET /api/notifications - 401","method":"GET","uri":"/api/notifications","status":401,"elapsedMs":3,"responseBody":{"error":"Unauthorized"}}
{"timestamp":"2025-10-29 23:06:47","level":"warn","message":"GET /api/notifications - 401","method":"GET","uri":"/api/notifications","status":401,"elapsedMs":5,"responseBody":{"error":"Unauthorized"}}
{"timestamp":"2025-10-29 23:06:50","level":"warn","message":"GET /api/notifications - 401","method":"GET","uri":"/api/notifications","status":401,"elapsedMs":3,"responseBody":{"error":"Unauthorized"}}
{"timestamp":"2025-10-29 23:06:50","level":"warn","message":"GET /api/notifications - 401","method":"GET","uri":"/api/notifications","status":401,"elapsedMs":4,"responseBody":{"error":"Unauthorized"}}
{"timestamp":"2025-10-29 23:07:15","level":"info","message":"Logger initialized"}
{"timestamp":"2025-10-29 23:07:15","level":"warn","message":"GET /api/notifications - 401","method":"GET","uri":"/api/notifications","status":401,"elapsedMs":13,"responseBody":{"error":"Unauthorized"}}
{"timestamp":"2025-10-29 23:07:45","level":"warn","message":"GET /api/notifications - 401","method":"GET","uri":"/api/notifications","status":401,"elapsedMs":9,"responseBody":{"error":"Unauthorized"}}
{"timestamp":"2025-10-29 23:08:04","level":"info","message":"Logger initialized"}
{"timestamp":"2025-10-29 23:08:04","level":"warn","message":"GET /api/notifications - 401","method":"GET","uri":"/api/notifications","status":401,"elapsedMs":12,"responseBody":{"error":"Unauthorized"}}
{"timestamp":"2025-10-29 23:08:34","level":"warn","message":"GET /api/notifications - 401","method":"GET","uri":"/api/notifications","status":401,"elapsedMs":9,"responseBody":{"error":"Unauthorized"}}
{"timestamp":"2025-10-29 23:09:05","level":"warn","message":"GET /api/notifications - 401","method":"GET","uri":"/api/notifications","status":401,"elapsedMs":3,"responseBody":{"error":"Unauthorized"}}
{"timestamp":"2025-10-29 23:09:35","level":"warn","message":"GET /api/notifications - 401","method":"GET","uri":"/api/notifications","status":401,"elapsedMs":3,"responseBody":{"error":"Unauthorized"}}
{"timestamp":"2025-10-29 23:10:04","level":"warn","message":"GET /api/notifications - 401","method":"GET","uri":"/api/notifications","status":401,"elapsedMs":6,"responseBody":{"error":"Unauthorized"}}
{"timestamp":"2025-10-29 23:10:34","level":"warn","message":"GET /api/notifications - 401","method":"GET","uri":"/api/notifications","status":401,"elapsedMs":5,"responseBody":{"error":"Unauthorized"}}
{"timestamp":"2025-10-29 23:11:04","level":"warn","message":"GET /api/notifications - 401","method":"GET","uri":"/api/notifications","status":401,"elapsedMs":6,"responseBody":{"error":"Unauthorized"}}
{"timestamp":"2025-10-29 23:11:35","level":"warn","message":"GET /api/notifications - 401","method":"GET","uri":"/api/notifications","status":401,"elapsedMs":10,"responseBody":{"error":"Unauthorized"}}
{"timestamp":"2025-10-29 23:12:05","level":"warn","message":"GET /api/notifications - 401","method":"GET","uri":"/api/notifications","status":401,"elapsedMs":6,"responseBody":{"error":"Unauthorized"}}
{"timestamp":"2025-10-29 23:12:35","level":"warn","message":"GET /api/notifications - 401","method":"GET","uri":"/api/notifications","status":401,"elapsedMs":36,"responseBody":{"error":"Unauthorized"}}
{"timestamp":"2025-10-29 23:13:04","level":"warn","message":"GET /api/notifications - 401","method":"GET","uri":"/api/notifications","status":401,"elapsedMs":6,"responseBody":{"error":"Unauthorized"}}
{"timestamp":"2025-10-29 23:13:34","level":"warn","message":"GET /api/notifications - 401","method":"GET","uri":"/api/notifications","status":401,"elapsedMs":5,"responseBody":{"error":"Unauthorized"}}
{"timestamp":"2025-10-29 23:14:05","level":"warn","message":"GET /api/notifications - 401","method":"GET","uri":"/api/notifications","status":401,"elapsedMs":10,"responseBody":{"error":"Unauthorized"}}
{"timestamp":"2025-10-29 23:14:35","level":"warn","message":"GET /api/notifications - 401","method":"GET","uri":"/api/notifications","status":401,"elapsedMs":8,"responseBody":{"error":"Unauthorized"}}
{"timestamp":"2025-10-29 23:15:05","level":"warn","message":"GET /api/notifications - 401","method":"GET","uri":"/api/notifications","status":401,"elapsedMs":4,"responseBody":{"error":"Unauthorized"}}
{"timestamp":"2025-10-29 23:15:35","level":"warn","message":"GET /api/notifications - 401","method":"GET","uri":"/api/notifications","status":401,"elapsedMs":11,"responseBody":{"error":"Unauthorized"}}
{"timestamp":"2025-10-29 23:16:05","level":"warn","message":"GET /api/notifications - 401","method":"GET","uri":"/api/notifications","status":401,"elapsedMs":6,"responseBody":{"error":"Unauthorized"}}
{"timestamp":"2025-10-29 23:16:35","level":"warn","message":"GET /api/notifications - 401","method":"GET","uri":"/api/notifications","status":401,"elapsedMs":7,"responseBody":{"error":"Unauthorized"}}
{"timestamp":"2025-10-29 23:17:05","level":"warn","message":"GET /api/notifications - 401","method":"GET","uri":"/api/notifications","status":401,"elapsedMs":10,"responseBody":{"error":"Unauthorized"}}
{"timestamp":"2025-10-29 23:17:35","level":"warn","message":"GET /api/notifications - 401","method":"GET","uri":"/api/notifications","status":401,"elapsedMs":5,"responseBody":{"error":"Unauthorized"}}
{"timestamp":"2025-10-29 23:18:05","level":"warn","message":"GET /api/notifications - 401","method":"GET","uri":"/api/notifications","status":401,"elapsedMs":7,"responseBody":{"error":"Unauthorized"}}
{"timestamp":"2025-10-29 23:18:35","level":"warn","message":"GET /api/notifications - 401","method":"GET","uri":"/api/notifications","status":401,"elapsedMs":3,"responseBody":{"error":"Unauthorized"}}
{"timestamp":"2025-10-29 23:19:05","level":"warn","message":"GET /api/notifications - 401","method":"GET","uri":"/api/notifications","status":401,"elapsedMs":6,"responseBody":{"error":"Unauthorized"}}
{"timestamp":"2025-10-29 23:19:35","level":"warn","message":"GET /api/notifications - 401","method":"GET","uri":"/api/notifications","status":401,"elapsedMs":6,"responseBody":{"error":"Unauthorized"}}
{"timestamp":"2025-10-29 23:20:05","level":"warn","message":"GET /api/notifications - 401","method":"GET","uri":"/api/notifications","status":401,"elapsedMs":7,"responseBody":{"error":"Unauthorized"}}
{"timestamp":"2025-10-29 23:20:35","level":"warn","message":"GET /api/notifications - 401","method":"GET","uri":"/api/notifications","status":401,"elapsedMs":7,"responseBody":{"error":"Unauthorized"}}
{"timestamp":"2025-10-29 23:20:48","level":"info","message":"Logger initialized"}
{"timestamp":"2025-10-29 23:20:48","level":"warn","message":"GET /api/notifications - 401","method":"GET","uri":"/api/notifications","status":401,"elapsedMs":13,"responseBody":{"error":"Unauthorized"}}
{"timestamp":"2025-10-29 23:22:56","level":"info","message":"Logger initialized"}
{"timestamp":"2025-10-29 23:22:56","level":"warn","message":"GET /api/notifications - 401","method":"GET","uri":"/api/notifications","status":401,"elapsedMs":16,"responseBody":{"error":"Unauthorized"}}
{"timestamp":"2025-10-29 23:22:56","level":"warn","message":"GET /api/notifications - 401","method":"GET","uri":"/api/notifications","status":401,"elapsedMs":16,"responseBody":{"error":"Unauthorized"}}
{"timestamp":"2025-10-29 23:23:25","level":"warn","message":"GET /api/notifications - 401","method":"GET","uri":"/api/notifications","status":401,"elapsedMs":4,"responseBody":{"error":"Unauthorized"}}
{"timestamp":"2025-10-29 23:28:28","level":"info","message":"Logger initialized"}
{"timestamp":"2025-10-29 23:28:28","level":"info","message":"GET /api/notifications - 200","userId":"cmhbzn6lg0000bcimm51f8ygw","method":"GET","uri":"/api/notifications","status":200,"elapsedMs":27}
{"timestamp":"2025-10-29 23:28:28","level":"info","message":"GET /api/notifications - 200","userId":"cmhbzn6lg0000bcimm51f8ygw","method":"GET","uri":"/api/notifications","status":200,"elapsedMs":39}
{"timestamp":"2025-10-29 23:28:57","level":"info","message":"Logger initialized"}
{"timestamp":"2025-10-29 23:28:57","level":"info","message":"GET /api/notifications - 200","userId":"cmhbzn6lg0000bcimm51f8ygw","method":"GET","uri":"/api/notifications","status":200,"elapsedMs":37}
{"timestamp":"2025-10-29 23:29:15","level":"info","message":"Logger initialized"}
{"timestamp":"2025-10-29 23:29:15","level":"info","message":"GET /api/notifications - 200","userId":"cmhbzn6lg0000bcimm51f8ygw","method":"GET","uri":"/api/notifications","status":200,"elapsedMs":26}
{"timestamp":"2025-10-29 23:29:45","level":"info","message":"GET /api/notifications - 200","userId":"cmhbzn6lg0000bcimm51f8ygw","method":"GET","uri":"/api/notifications","status":200,"elapsedMs":16}
{"timestamp":"2025-10-29 23:30:16","level":"info","message":"GET /api/notifications - 200","userId":"cmhbzn6lg0000bcimm51f8ygw","method":"GET","uri":"/api/notifications","status":200,"elapsedMs":26}
{"timestamp":"2025-10-29 23:30:45","level":"info","message":"GET /api/notifications - 200","userId":"cmhbzn6lg0000bcimm51f8ygw","method":"GET","uri":"/api/notifications","status":200,"elapsedMs":44}
{"timestamp":"2025-10-29 23:30:47","level":"info","message":"GET /api/notifications - 200","userId":"cmhbzn6lg0000bcimm51f8ygw","method":"GET","uri":"/api/notifications","status":200,"elapsedMs":16}
{"timestamp":"2025-10-29 23:31:17","level":"info","message":"GET /api/notifications - 200","userId":"cmhbzn6lg0000bcimm51f8ygw","method":"GET","uri":"/api/notifications","status":200,"elapsedMs":40}
{"timestamp":"2025-10-29 23:31:31","level":"info","message":"Logger initialized"}
{"timestamp":"2025-10-29 23:31:31","level":"info","message":"GET /api/notifications - 200","userId":"cmhbzn6lg0000bcimm51f8ygw","method":"GET","uri":"/api/notifications","status":200,"elapsedMs":27}
{"timestamp":"2025-10-29 23:31:32","level":"info","message":"Logger initialized"}
{"timestamp":"2025-10-29 23:31:32","level":"info","message":"GET /api/notifications - 200","userId":"cmhbzn6lg0000bcimm51f8ygw","method":"GET","uri":"/api/notifications","status":200,"elapsedMs":28}
{"timestamp":"2025-10-29 23:31:41","level":"info","message":"Logger initialized"}
{"timestamp":"2025-10-29 23:31:41","level":"info","message":"GET /api/notifications - 200","userId":"cmhbzn6lg0000bcimm51f8ygw","method":"GET","uri":"/api/notifications","status":200,"elapsedMs":30}
{"timestamp":"2025-10-29 23:31:42","level":"info","message":"Logger initialized"}
{"timestamp":"2025-10-29 23:31:42","level":"info","message":"GET /api/notifications - 200","userId":"cmhbzn6lg0000bcimm51f8ygw","method":"GET","uri":"/api/notifications","status":200,"elapsedMs":92}
{"timestamp":"2025-10-29 23:31:53","level":"info","message":"Logger initialized"}
{"timestamp":"2025-10-29 23:31:53","level":"info","message":"GET /api/notifications - 200","userId":"cmhbzn6lg0000bcimm51f8ygw","method":"GET","uri":"/api/notifications","status":200,"elapsedMs":25}
{"timestamp":"2025-10-29 23:32:00","level":"info","message":"Logger initialized"}
{"timestamp":"2025-10-29 23:32:00","level":"info","message":"GET /api/notifications - 200","userId":"cmhbzn6lg0000bcimm51f8ygw","method":"GET","uri":"/api/notifications","status":200,"elapsedMs":30}
{"timestamp":"2025-10-29 23:32:14","level":"info","message":"Logger initialized"}
{"timestamp":"2025-10-29 23:32:14","level":"info","message":"GET /api/notifications - 200","userId":"cmhbzn6lg0000bcimm51f8ygw","method":"GET","uri":"/api/notifications","status":200,"elapsedMs":26}
{"timestamp":"2025-10-29 23:32:32","level":"info","message":"Logger initialized"}
{"timestamp":"2025-10-29 23:32:32","level":"info","message":"GET /api/notifications - 200","userId":"cmhbzn6lg0000bcimm51f8ygw","method":"GET","uri":"/api/notifications","status":200,"elapsedMs":21}
{"timestamp":"2025-10-29 23:32:43","level":"info","message":"Logger initialized"}
{"timestamp":"2025-10-29 23:32:43","level":"info","message":"GET /api/notifications - 200","userId":"cmhbzn6lg0000bcimm51f8ygw","method":"GET","uri":"/api/notifications","status":200,"elapsedMs":69}
{"timestamp":"2025-10-29 23:32:45","level":"info","message":"Logger initialized"}
{"timestamp":"2025-10-29 23:32:45","level":"info","message":"GET /api/notifications - 200","userId":"cmhbzn6lg0000bcimm51f8ygw","method":"GET","uri":"/api/notifications","status":200,"elapsedMs":16}
{"timestamp":"2025-10-29 23:32:54","level":"info","message":"Logger initialized"}
{"timestamp":"2025-10-29 23:32:54","level":"info","message":"GET /api/notifications - 200","userId":"cmhbzn6lg0000bcimm51f8ygw","method":"GET","uri":"/api/notifications","status":200,"elapsedMs":24}
{"timestamp":"2025-10-29 23:32:56","level":"info","message":"Logger initialized"}
{"timestamp":"2025-10-29 23:32:56","level":"info","message":"GET /api/notifications - 200","userId":"cmhbzn6lg0000bcimm51f8ygw","method":"GET","uri":"/api/notifications","status":200,"elapsedMs":19}
{"timestamp":"2025-10-29 23:33:26","level":"info","message":"GET /api/notifications - 200","userId":"cmhbzn6lg0000bcimm51f8ygw","method":"GET","uri":"/api/notifications","status":200,"elapsedMs":29}
{"timestamp":"2025-10-29 23:33:46","level":"info","message":"Logger initialized"}
{"timestamp":"2025-10-29 23:33:46","level":"info","message":"GET /api/notifications - 200","userId":"cmhbzn6lg0000bcimm51f8ygw","method":"GET","uri":"/api/notifications","status":200,"elapsedMs":48}
{"timestamp":"2025-10-29 23:34:16","level":"info","message":"GET /api/notifications - 200","userId":"cmhbzn6lg0000bcimm51f8ygw","method":"GET","uri":"/api/notifications","status":200,"elapsedMs":17}
{"timestamp":"2025-10-29 23:34:41","level":"info","message":"Logger initialized"}
{"timestamp":"2025-10-29 23:34:41","level":"info","message":"GET /api/notifications - 200","userId":"cmhbzn6lg0000bcimm51f8ygw","method":"GET","uri":"/api/notifications","status":200,"elapsedMs":24}
{"timestamp":"2025-10-29 23:34:41","level":"info","message":"GET /api/notifications - 200","userId":"cmhbzn6lg0000bcimm51f8ygw","method":"GET","uri":"/api/notifications","status":200,"elapsedMs":42}
{"timestamp":"2025-10-29 23:34:43","level":"info","message":"GET /api/notifications - 200","userId":"cmhbzn6lg0000bcimm51f8ygw","method":"GET","uri":"/api/notifications","status":200,"elapsedMs":18}
{"timestamp":"2025-10-29 23:34:44","level":"info","message":"GET /api/notifications - 200","userId":"cmhbzn6lg0000bcimm51f8ygw","method":"GET","uri":"/api/notifications","status":200,"elapsedMs":16}
{"timestamp":"2025-10-29 23:34:46","level":"info","message":"GET /api/notifications - 200","userId":"cmhbzn6lg0000bcimm51f8ygw","method":"GET","uri":"/api/notifications","status":200,"elapsedMs":21}
{"timestamp":"2025-10-29 23:34:46","level":"info","message":"GET /api/notifications - 200","userId":"cmhbzn6lg0000bcimm51f8ygw","method":"GET","uri":"/api/notifications","status":200,"elapsedMs":20}
{"timestamp":"2025-10-29 23:34:48","level":"info","message":"GET /api/notifications - 200","userId":"cmhbzn6lg0000bcimm51f8ygw","method":"GET","uri":"/api/notifications","status":200,"elapsedMs":17}
{"timestamp":"2025-10-29 23:34:48","level":"info","message":"GET /api/notifications - 200","userId":"cmhbzn6lg0000bcimm51f8ygw","method":"GET","uri":"/api/notifications","status":200,"elapsedMs":16}
{"timestamp":"2025-10-29 23:35:21","level":"info","message":"Logger initialized"}
{"timestamp":"2025-10-29 23:35:21","level":"info","message":"GET /api/notifications - 200","userId":"cmhbzn6lg0000bcimm51f8ygw","method":"GET","uri":"/api/notifications","status":200,"elapsedMs":26}
{"timestamp":"2025-10-29 23:35:21","level":"info","message":"GET /api/notifications - 200","userId":"cmhbzn6lg0000bcimm51f8ygw","method":"GET","uri":"/api/notifications","status":200,"elapsedMs":15}
{"timestamp":"2025-10-29 23:35:35","level":"info","message":"Logger initialized"}
{"timestamp":"2025-10-29 23:35:35","level":"info","message":"GET /api/notifications - 200","userId":"cmhbzn6lg0000bcimm51f8ygw","method":"GET","uri":"/api/notifications","status":200,"elapsedMs":12}
{"timestamp":"2025-10-29 23:35:48","level":"info","message":"Logger initialized"}
{"timestamp":"2025-10-29 23:35:48","level":"info","message":"GET /api/notifications - 200","userId":"cmhbzn6lg0000bcimm51f8ygw","method":"GET","uri":"/api/notifications","status":200,"elapsedMs":20}
{"timestamp":"2025-10-29 23:36:25","level":"info","message":"Logger initialized"}
{"timestamp":"2025-10-29 23:36:25","level":"info","message":"GET /api/notifications - 200","userId":"cmhbzn6lg0000bcimm51f8ygw","method":"GET","uri":"/api/notifications","status":200,"elapsedMs":23}
{"timestamp":"2025-10-29 23:36:31","level":"info","message":"GET /api/notifications - 200","userId":"cmhbzn6lg0000bcimm51f8ygw","method":"GET","uri":"/api/notifications","status":200,"elapsedMs":21}
{"timestamp":"2025-10-29 23:36:31","level":"info","message":"GET /api/notifications - 200","userId":"cmhbzn6lg0000bcimm51f8ygw","method":"GET","uri":"/api/notifications","status":200,"elapsedMs":13}
{"timestamp":"2025-10-29 23:37:01","level":"info","message":"GET /api/notifications - 200","userId":"cmhbzn6lg0000bcimm51f8ygw","method":"GET","uri":"/api/notifications","status":200,"elapsedMs":13}
{"timestamp":"2025-10-29 23:37:31","level":"info","message":"GET /api/notifications - 200","userId":"cmhbzn6lg0000bcimm51f8ygw","method":"GET","uri":"/api/notifications","status":200,"elapsedMs":27}
{"timestamp":"2025-10-29 23:38:01","level":"info","message":"GET /api/notifications - 200","userId":"cmhbzn6lg0000bcimm51f8ygw","method":"GET","uri":"/api/notifications","status":200,"elapsedMs":32}
{"timestamp":"2025-10-29 23:38:31","level":"info","message":"GET /api/notifications - 200","userId":"cmhbzn6lg0000bcimm51f8ygw","method":"GET","uri":"/api/notifications","status":200,"elapsedMs":15}
{"timestamp":"2025-10-29 23:39:02","level":"info","message":"Logger initialized"}
{"timestamp":"2025-10-29 23:39:02","level":"info","message":"GET /api/notifications - 200","userId":"cmhbzn6lg0000bcimm51f8ygw","method":"GET","uri":"/api/notifications","status":200,"elapsedMs":65}
{"timestamp":"2025-10-29 23:39:32","level":"info","message":"Logger initialized"}
{"timestamp":"2025-10-29 23:39:32","level":"info","message":"GET /api/notifications - 200","userId":"cmhbzn6lg0000bcimm51f8ygw","method":"GET","uri":"/api/notifications","status":200,"elapsedMs":43}
{"timestamp":"2025-10-29 23:40:02","level":"info","message":"Logger initialized"}
{"timestamp":"2025-10-29 23:40:02","level":"info","message":"GET /api/notifications - 200","userId":"cmhbzn6lg0000bcimm51f8ygw","method":"GET","uri":"/api/notifications","status":200,"elapsedMs":17}
{"timestamp":"2025-10-29 23:40:32","level":"info","message":"GET /api/notifications - 200","userId":"cmhbzn6lg0000bcimm51f8ygw","method":"GET","uri":"/api/notifications","status":200,"elapsedMs":16}
{"timestamp":"2025-10-29 23:41:02","level":"info","message":"GET /api/notifications - 200","userId":"cmhbzn6lg0000bcimm51f8ygw","method":"GET","uri":"/api/notifications","status":200,"elapsedMs":21}
{"timestamp":"2025-10-29 23:41:32","level":"info","message":"GET /api/notifications - 200","userId":"cmhbzn6lg0000bcimm51f8ygw","method":"GET","uri":"/api/notifications","status":200,"elapsedMs":17}
{"timestamp":"2025-10-29 23:42:03","level":"info","message":"Logger initialized"}
{"timestamp":"2025-10-29 23:42:03","level":"info","message":"GET /api/notifications - 200","userId":"cmhbzn6lg0000bcimm51f8ygw","method":"GET","uri":"/api/notifications","status":200,"elapsedMs":21}
{"timestamp":"2025-10-29 23:42:33","level":"info","message":"GET /api/notifications - 200","userId":"cmhbzn6lg0000bcimm51f8ygw","method":"GET","uri":"/api/notifications","status":200,"elapsedMs":29}
{"timestamp":"2025-10-29 23:43:03","level":"info","message":"GET /api/notifications - 200","userId":"cmhbzn6lg0000bcimm51f8ygw","method":"GET","uri":"/api/notifications","status":200,"elapsedMs":16}
{"timestamp":"2025-10-29 23:43:33","level":"info","message":"GET /api/notifications - 200","userId":"cmhbzn6lg0000bcimm51f8ygw","method":"GET","uri":"/api/notifications","status":200,"elapsedMs":10}
{"timestamp":"2025-10-29 23:44:03","level":"info","message":"GET /api/notifications - 200","userId":"cmhbzn6lg0000bcimm51f8ygw","method":"GET","uri":"/api/notifications","status":200,"elapsedMs":42}
{"timestamp":"2025-10-29 23:44:33","level":"info","message":"GET /api/notifications - 200","userId":"cmhbzn6lg0000bcimm51f8ygw","method":"GET","uri":"/api/notifications","status":200,"elapsedMs":16}
{"timestamp":"2025-10-29 23:45:03","level":"info","message":"GET /api/notifications - 200","userId":"cmhbzn6lg0000bcimm51f8ygw","method":"GET","uri":"/api/notifications","status":200,"elapsedMs":14}
{"timestamp":"2025-10-29 23:45:33","level":"info","message":"GET /api/notifications - 200","userId":"cmhbzn6lg0000bcimm51f8ygw","method":"GET","uri":"/api/notifications","status":200,"elapsedMs":28}
{"timestamp":"2025-10-29 23:46:03","level":"info","message":"GET /api/notifications - 200","userId":"cmhbzn6lg0000bcimm51f8ygw","method":"GET","uri":"/api/notifications","status":200,"elapsedMs":25}
{"timestamp":"2025-10-29 23:46:34","level":"info","message":"GET /api/notifications - 200","userId":"cmhbzn6lg0000bcimm51f8ygw","method":"GET","uri":"/api/notifications","status":200,"elapsedMs":38}
{"timestamp":"2025-10-29 23:47:04","level":"info","message":"GET /api/notifications - 200","userId":"cmhbzn6lg0000bcimm51f8ygw","method":"GET","uri":"/api/notifications","status":200,"elapsedMs":24}
{"timestamp":"2025-10-29 23:47:34","level":"info","message":"GET /api/notifications - 200","userId":"cmhbzn6lg0000bcimm51f8ygw","method":"GET","uri":"/api/notifications","status":200,"elapsedMs":20}
{"timestamp":"2025-10-29 23:48:04","level":"info","message":"GET /api/notifications - 200","userId":"cmhbzn6lg0000bcimm51f8ygw","method":"GET","uri":"/api/notifications","status":200,"elapsedMs":23}
{"timestamp":"2025-10-29 23:48:34","level":"info","message":"GET /api/notifications - 200","userId":"cmhbzn6lg0000bcimm51f8ygw","method":"GET","uri":"/api/notifications","status":200,"elapsedMs":18}
{"timestamp":"2025-10-29 23:49:04","level":"info","message":"GET /api/notifications - 200","userId":"cmhbzn6lg0000bcimm51f8ygw","method":"GET","uri":"/api/notifications","status":200,"elapsedMs":48}
{"timestamp":"2025-10-29 23:49:34","level":"info","message":"GET /api/notifications - 200","userId":"cmhbzn6lg0000bcimm51f8ygw","method":"GET","uri":"/api/notifications","status":200,"elapsedMs":26}
{"timestamp":"2025-10-29 23:50:04","level":"info","message":"GET /api/notifications - 200","userId":"cmhbzn6lg0000bcimm51f8ygw","method":"GET","uri":"/api/notifications","status":200,"elapsedMs":21}
{"timestamp":"2025-10-29 23:50:34","level":"info","message":"GET /api/notifications - 200","userId":"cmhbzn6lg0000bcimm51f8ygw","method":"GET","uri":"/api/notifications","status":200,"elapsedMs":18}
{"timestamp":"2025-10-29 23:51:04","level":"info","message":"GET /api/notifications - 200","userId":"cmhbzn6lg0000bcimm51f8ygw","method":"GET","uri":"/api/notifications","status":200,"elapsedMs":22}
{"timestamp":"2025-10-29 23:51:34","level":"info","message":"GET /api/notifications - 200","userId":"cmhbzn6lg0000bcimm51f8ygw","method":"GET","uri":"/api/notifications","status":200,"elapsedMs":15}
{"timestamp":"2025-10-29 23:52:04","level":"info","message":"GET /api/notifications - 200","userId":"cmhbzn6lg0000bcimm51f8ygw","method":"GET","uri":"/api/notifications","status":200,"elapsedMs":28}
{"timestamp":"2025-10-29 23:52:34","level":"info","message":"GET /api/notifications - 200","userId":"cmhbzn6lg0000bcimm51f8ygw","method":"GET","uri":"/api/notifications","status":200,"elapsedMs":22}
{"timestamp":"2025-10-29 23:53:05","level":"info","message":"GET /api/notifications - 200","userId":"cmhbzn6lg0000bcimm51f8ygw","method":"GET","uri":"/api/notifications","status":200,"elapsedMs":16}
{"timestamp":"2025-10-29 23:53:35","level":"info","message":"GET /api/notifications - 200","userId":"cmhbzn6lg0000bcimm51f8ygw","method":"GET","uri":"/api/notifications","status":200,"elapsedMs":18}
{"timestamp":"2025-10-29 23:54:05","level":"info","message":"GET /api/notifications - 200","userId":"cmhbzn6lg0000bcimm51f8ygw","method":"GET","uri":"/api/notifications","status":200,"elapsedMs":50}
{"timestamp":"2025-10-29 23:54:35","level":"info","message":"GET /api/notifications - 200","userId":"cmhbzn6lg0000bcimm51f8ygw","method":"GET","uri":"/api/notifications","status":200,"elapsedMs":18}
{"timestamp":"2025-10-29 23:55:05","level":"info","message":"GET /api/notifications - 200","userId":"cmhbzn6lg0000bcimm51f8ygw","method":"GET","uri":"/api/notifications","status":200,"elapsedMs":45}
{"timestamp":"2025-10-29 23:55:35","level":"info","message":"Logger initialized"}
{"timestamp":"2025-10-29 23:55:35","level":"info","message":"GET /api/notifications - 200","userId":"cmhbzn6lg0000bcimm51f8ygw","method":"GET","uri":"/api/notifications","status":200,"elapsedMs":27}
{"timestamp":"2025-10-29 23:56:05","level":"info","message":"GET /api/notifications - 200","userId":"cmhbzn6lg0000bcimm51f8ygw","method":"GET","uri":"/api/notifications","status":200,"elapsedMs":29}
{"timestamp":"2025-10-29 23:56:36","level":"info","message":"GET /api/notifications - 200","userId":"cmhbzn6lg0000bcimm51f8ygw","method":"GET","uri":"/api/notifications","status":200,"elapsedMs":24}
{"timestamp":"2025-10-29 23:57:06","level":"info","message":"GET /api/notifications - 200","userId":"cmhbzn6lg0000bcimm51f8ygw","method":"GET","uri":"/api/notifications","status":200,"elapsedMs":23}
{"timestamp":"2025-10-29 23:57:36","level":"info","message":"GET /api/notifications - 200","userId":"cmhbzn6lg0000bcimm51f8ygw","method":"GET","uri":"/api/notifications","status":200,"elapsedMs":24}
{"timestamp":"2025-10-29 23:58:06","level":"info","message":"GET /api/notifications - 200","userId":"cmhbzn6lg0000bcimm51f8ygw","method":"GET","uri":"/api/notifications","status":200,"elapsedMs":16}
{"timestamp":"2025-10-29 23:58:36","level":"info","message":"GET /api/notifications - 200","userId":"cmhbzn6lg0000bcimm51f8ygw","method":"GET","uri":"/api/notifications","status":200,"elapsedMs":16}
{"timestamp":"2025-10-29 23:59:06","level":"info","message":"GET /api/notifications - 200","userId":"cmhbzn6lg0000bcimm51f8ygw","method":"GET","uri":"/api/notifications","status":200,"elapsedMs":29}
{"timestamp":"2025-10-29 23:59:36","level":"info","message":"GET /api/notifications - 200","userId":"cmhbzn6lg0000bcimm51f8ygw","method":"GET","uri":"/api/notifications","status":200,"elapsedMs":18}
